\BOOKMARK [1][-]{section.1}{Introduction}{}% 1
\BOOKMARK [2][-]{subsection.1.1}{Context}{section.1}% 2
\BOOKMARK [2][-]{subsection.1.2}{Proposed Approach}{section.1}% 3
\BOOKMARK [2][-]{subsection.1.3}{Future Applications}{section.1}% 4
\BOOKMARK [1][-]{section.2}{Theoretical Description}{}% 5
\BOOKMARK [2][-]{subsection.2.1}{Natural Language Processing}{section.2}% 6
\BOOKMARK [3][-]{subsubsection.2.1.1}{Grammars}{subsection.2.1}% 7
\BOOKMARK [3][-]{subsubsection.2.1.2}{Topic Models}{subsection.2.1}% 8
\BOOKMARK [3][-]{subsubsection.2.1.3}{Neural Language Models}{subsection.2.1}% 9
\BOOKMARK [3][-]{subsubsection.2.1.4}{Metrics}{subsection.2.1}% 10
\BOOKMARK [2][-]{subsection.2.2}{Neural Networks}{section.2}% 11
\BOOKMARK [3][-]{subsubsection.2.2.1}{Memory Network}{subsection.2.2}% 12
\BOOKMARK [3][-]{subsubsection.2.2.2}{GAN Architecture}{subsection.2.2}% 13
\BOOKMARK [3][-]{subsubsection.2.2.3}{GAN for text generation}{subsection.2.2}% 14
\BOOKMARK [1][-]{section.3}{Related Works}{}% 15
\BOOKMARK [2][-]{subsection.3.1}{From Beginning To Recurrent Neural Network Based Models}{section.3}% 16
\BOOKMARK [3][-]{subsubsection.3.1.1}{TopicRNN}{subsection.3.1}% 17
\BOOKMARK [2][-]{subsection.3.2}{GAN Based}{section.3}% 18
\BOOKMARK [3][-]{subsubsection.3.2.1}{SeqGAN}{subsection.3.2}% 19
\BOOKMARK [3][-]{subsubsection.3.2.2}{RelGAN}{subsection.3.2}% 20
\BOOKMARK [2][-]{subsection.3.3}{Transformer Based}{section.3}% 21
\BOOKMARK [1][-]{section.4}{Topic-Guided GANs}{}% 22
\BOOKMARK [2][-]{subsection.4.1}{Methods}{section.4}% 23
\BOOKMARK [2][-]{subsection.4.2}{Results}{section.4}% 24
\BOOKMARK [1][-]{section.5}{Comparison with other models}{}% 25
